p/21.png 1 0 0 1920 1080
p/20.png 1 0 0 1920 1080
p/19.png 1 0 0 1920 1080
p/18.png 1 0 0 1920 1080
p/17.png 1 0 0 1920 1080
p/16.png 1 0 0 1920 1080
p/15.png 1 0 0 1920 1080
p/14.png 1 0 0 1920 1080
p/13.png 1 0 0 1920 1080
p/12.png 1 0 0 1920 1080
p/11.png 1 0 0 1920 1080
p/10.png 1 0 0 1920 1080
p/9.png 1 0 0 1920 1080
p/8.png 1 0 0 1920 1080
p/7.png 1 0 0 1920 1080
p/6.png 1 0 0 1920 1080
p/5.png 1 0 0 1920 1080
p/4.png 1 0 0 1920 1080
p/3.png 1 0 0 1920 1080
p/2.png 1 0 0 1920 1080
p/1.png 1 0 0 1920 1080